<?xml version="1.0" encoding="UTF-8"?>
<testng-results skipped="0" failed="0" ignored="0" total="1" passed="1">
  <reporter-output>
  </reporter-output>
  <suite name="Suite" duration-ms="105" started-at="2019-07-24T06:58:58Z" finished-at="2019-07-24T06:58:59Z">
    <groups>
    </groups>
    <test name="Test" duration-ms="105" started-at="2019-07-24T06:58:58Z" finished-at="2019-07-24T06:58:59Z">
      <class name="org.tyss.GitD">
        <test-method status="PASS" signature="demo()[pri:0, instance:org.tyss.GitD@2be94b0f]" name="demo" duration-ms="19" started-at="2019-07-24T06:58:59Z" finished-at="2019-07-24T06:58:59Z">
          <reporter-output>
          </reporter-output>
        </test-method> <!-- demo -->
      </class> <!-- org.tyss.GitD -->
    </test> <!-- Test -->
  </suite> <!-- Suite -->
</testng-results>
